<?xml version="1.0" encoding="UTF-8"?>
<testng-results skipped="0" failed="0" total="2" passed="2">
  <reporter-output>
  </reporter-output>
  <suite name="Default suite" duration-ms="336" started-at="2012-11-28T14:59:45Z" finished-at="2012-11-28T14:59:45Z">
    <groups>
    </groups>
    <test name="Default test" duration-ms="336" started-at="2012-11-28T14:59:45Z" finished-at="2012-11-28T14:59:45Z">
      <class name="com.hotels.sps.client.DataModelTest">
        <test-method status="PASS" signature="read()[pri:0, instance:com.hotels.sps.client.DataModelTest@35f904db]" name="read" duration-ms="258" started-at="2012-11-28T14:59:45Z" finished-at="2012-11-28T14:59:45Z">
          <reporter-output>
          </reporter-output>
        </test-method> <!-- read -->
        <test-method status="PASS" signature="write()[pri:0, instance:com.hotels.sps.client.DataModelTest@35f904db]" name="write" duration-ms="53" started-at="2012-11-28T14:59:45Z" finished-at="2012-11-28T14:59:45Z">
          <reporter-output>
          </reporter-output>
        </test-method> <!-- write -->
      </class> <!-- com.hotels.sps.client.DataModelTest -->
    </test> <!-- Default test -->
  </suite> <!-- Default suite -->
</testng-results>
