<?xml version="1.0" encoding="UTF-8"?>
<testng-results skipped="0" failed="0" total="1" passed="1">
  <reporter-output>
  </reporter-output>
  <suite name="Default suite" duration-ms="102" started-at="2012-11-29T16:47:00Z" finished-at="2012-11-29T16:47:00Z">
    <groups>
    </groups>
    <test name="Default test" duration-ms="102" started-at="2012-11-29T16:47:00Z" finished-at="2012-11-29T16:47:00Z">
      <class name="com.hotels.sps.client.CqlDataModelTest">
        <test-method status="PASS" signature="read()[pri:0, instance:com.hotels.sps.client.CqlDataModelTest@22e7acc4]" name="read" duration-ms="90" started-at="2012-11-29T16:47:00Z" finished-at="2012-11-29T16:47:00Z">
          <reporter-output>
          </reporter-output>
        </test-method> <!-- read -->
      </class> <!-- com.hotels.sps.client.CqlDataModelTest -->
    </test> <!-- Default test -->
  </suite> <!-- Default suite -->
</testng-results>
