<?xml version="1.0" encoding="UTF-8"?>
<testng-results skipped="0" failed="0" total="1" passed="1">
  <reporter-output>
  </reporter-output>
  <suite name="Default suite" duration-ms="141" started-at="2012-11-29T16:46:27Z" finished-at="2012-11-29T16:46:28Z">
    <groups>
    </groups>
    <test name="Default test" duration-ms="141" started-at="2012-11-29T16:46:27Z" finished-at="2012-11-29T16:46:28Z">
      <class name="com.hotels.sps.client.ThriftDataModelTest">
        <test-method status="PASS" signature="read()[pri:0, instance:com.hotels.sps.client.ThriftDataModelTest@2199457f]" name="read" duration-ms="122" started-at="2012-11-29T16:46:27Z" finished-at="2012-11-29T16:46:28Z">
          <reporter-output>
          </reporter-output>
        </test-method> <!-- read -->
      </class> <!-- com.hotels.sps.client.ThriftDataModelTest -->
    </test> <!-- Default test -->
  </suite> <!-- Default suite -->
</testng-results>
